<?xml version="1.0" encoding="UTF-8" ?>

<testsuite failures="0" time="24.485" errors="0" skipped="0" tests="1" name="UserTest">
  <testcase classname="UserTest" name="addTest" time="24.485">
      </testcase>
</testsuite>
